<?xml version="1.0" encoding="UTF-8"?>
<!-- Generated by org.testng.reporters.JUnitReportReporter -->
<testsuite hostname="Choudhary" failures="0" tests="2" name="runner.TestRunner" time="14.172" errors="0" timestamp="2024-09-12T15:18:32 IST" skipped="0">
  <testcase classname="runner.TestRunner" name="runScenario" time="7.771"/>
  <testcase classname="runner.TestRunner" name="runScenario" time="6.401"/>
</testsuite> <!-- runner.TestRunner -->
